<?xml version="1.0" encoding="UTF-8"?>
<!-- Generated by org.testng.reporters.JUnitReportReporter -->
<testsuite hostname="MusaKalim" failures="0" tests="1" name="luma.nyc.myrunner.TestRunner" time="0.169" errors="0" timestamp="16 May 2023 08:25:31 GMT" skipped="0">
  <testcase classname="luma.nyc.myrunner.TestRunner" name="runScenario" time="0.169"/>
</testsuite> <!-- luma.nyc.myrunner.TestRunner -->
