<?xml version="1.0" encoding="UTF-8"?>
<!-- Generated by org.testng.reporters.JUnitReportReporter -->
<testsuite hostname="MusaKalim" failures="0" tests="1" name="luma.nyc.myrunner.LumaRunner" time="5.886" errors="0" timestamp="19 Jun 2023 06:06:05 GMT" skipped="0">
  <testcase classname="luma.nyc.myrunner.LumaRunner" name="runScenario" time="5.886"/>
</testsuite> <!-- luma.nyc.myrunner.LumaRunner -->
