<?xml version="1.0" encoding="UTF-8"?>
<!-- Generated by org.testng.reporters.JUnitReportReporter -->
<testsuite hostname="MusaKalim" failures="0" tests="1" name="luma.nyc.myrunner.LumaRunner" time="6.397" errors="0" timestamp="19 Jun 2023 05:33:45 GMT" skipped="0">
  <testcase classname="luma.nyc.myrunner.LumaRunner" name="runScenario" time="6.397"/>
</testsuite> <!-- luma.nyc.myrunner.LumaRunner -->
