<?xml version="1.0" encoding="UTF-8"?>
<!-- Generated by org.testng.reporters.JUnitReportReporter -->
<testsuite hostname="MusaKalim" failures="0" tests="1" name="luma.nyc.myrunner.LumaRunner" time="2.947" errors="1" timestamp="19 Jun 2023 02:51:33 GMT" skipped="0">
  <testcase classname="luma.nyc.myrunner.LumaRunner" name="runScenario" time="2.947">
    <error message="Cannot invoke &quot;luma.nyc.elementspage.LumaPageFactory.getLoginDone()&quot; because &quot;this.lpf&quot; is null" type="java.lang.NullPointerException">
      <![CDATA[java.lang.NullPointerException: Cannot invoke "luma.nyc.elementspage.LumaPageFactory.getLoginDone()" because "this.lpf" is null
at luma.nyc.hooks.Hooks.setUp(Hooks.java:16)
]]>
    </error>
  </testcase> <!-- runScenario -->
</testsuite> <!-- luma.nyc.myrunner.LumaRunner -->
