<?xml version="1.0" encoding="UTF-8"?>
<!-- Generated by org.testng.reporters.JUnitReportReporter -->
<testsuite hostname="MusaKalim" failures="0" tests="1" name="luma.nyc.myrunner.LumaRunner" time="19.226" errors="0" timestamp="17 May 2023 05:15:11 GMT" skipped="0">
  <testcase classname="luma.nyc.myrunner.LumaRunner" name="runScenario" time="19.226"/>
</testsuite> <!-- luma.nyc.myrunner.LumaRunner -->
